<?xml version="1.0" encoding="UTF-8"?>
<!-- Generated by org.testng.reporters.JUnitXMLReporter -->
<testsuite hostname="DESKTOP-QQUJ7MA" ignored="0" name="Test" tests="8" failures="0" timestamp="28 Dec 2020 14:13:53 GMT" time="122.571" errors="0">
  <testcase name="InvalidUsernameAndInvalidPass" time="1.631" classname="com.mesf.test.LoginTest"/>
  <testcase name="InvalidUsernameAndvalidPass" time="1.655" classname="com.mesf.test.LoginTest"/>
  <testcase name="validUsernameAndInvalidPass" time="2.356" classname="com.mesf.test.LoginTest"/>
  <testcase name="validUsernameAndPass" time="4.65" classname="com.mesf.test.LoginTest"/>
  <testcase name="toCreatebracket" time="4.754" classname="com.mesf.test.CreateTournamentTest"/>
  <testcase name="toDeleteBracket" time="7.062" classname="com.mesf.test.CreateTournamentTest"/>
  <testcase name="toEditBracket" time="5.268" classname="com.mesf.test.CreateTournamentTest"/>
  <testcase name="toSaveBracket" time="4.707" classname="com.mesf.test.CreateTournamentTest"/>
</testsuite> <!-- Test -->
