<?xml version="1.0" encoding="UTF-8"?>
<!-- Generated by org.testng.reporters.JUnitXMLReporter -->
<testsuite hostname="DESKTOP-QQUJ7MA" ignored="0" name="Test" tests="8" failures="0" timestamp="28 Dec 2020 04:08:41 GMT" time="123.058" errors="0">
  <testcase name="InvalidUsernameAndInvalidPass" time="2.183" classname="com.mesf.test.LoginTest"/>
  <testcase name="InvalidUsernameAndvalidPass" time="2.076" classname="com.mesf.test.LoginTest"/>
  <testcase name="validUsernameAndInvalidPass" time="2.302" classname="com.mesf.test.LoginTest"/>
  <testcase name="validUsernameAndPass" time="4.527" classname="com.mesf.test.LoginTest"/>
  <testcase name="toCreatebracket" time="4.505" classname="com.mesf.test.CreateTournamentTest"/>
  <testcase name="toDeleteBracket" time="6.675" classname="com.mesf.test.CreateTournamentTest"/>
  <testcase name="toEditBracket" time="5.083" classname="com.mesf.test.CreateTournamentTest"/>
  <testcase name="toSaveBracket" time="5.041" classname="com.mesf.test.CreateTournamentTest"/>
</testsuite> <!-- Test -->
