<?xml version="1.0" encoding="UTF-8"?>
<testng-results skipped="0" failed="0" ignored="0" total="1" passed="1">
  <reporter-output>
  </reporter-output>
  <suite name="Suite" duration-ms="60965" started-at="2021-01-25T05:52:23Z" finished-at="2021-01-25T05:53:24Z">
    <groups>
    </groups>
    <test name="Test" duration-ms="60965" started-at="2021-01-25T05:52:23Z" finished-at="2021-01-25T05:53:24Z">
      <class name="com.mindbowser.test.SpicejetTest">
        <test-method status="PASS" signature="setUp()[pri:0, instance:com.mindbowser.test.SpicejetTest@48524010]" name="setUp" is-config="true" duration-ms="45017" started-at="2021-01-25T05:52:23Z" finished-at="2021-01-25T05:53:09Z">
          <reporter-output>
          </reporter-output>
        </test-method> <!-- setUp -->
        <test-method status="PASS" signature="Verify_Student_is_mentioned_under_Discounts_field()[pri:0, instance:com.mindbowser.test.SpicejetTest@48524010]" name="Verify_Student_is_mentioned_under_Discounts_field" duration-ms="9610" started-at="2021-01-25T05:53:09Z" description="This TC will book flight from one way" finished-at="2021-01-25T05:53:18Z">
          <reporter-output>
          </reporter-output>
        </test-method> <!-- Verify_Student_is_mentioned_under_Discounts_field -->
        <test-method status="PASS" signature="tearDown()[pri:0, instance:com.mindbowser.test.SpicejetTest@48524010]" name="tearDown" is-config="true" duration-ms="6290" started-at="2021-01-25T05:53:18Z" finished-at="2021-01-25T05:53:24Z">
          <reporter-output>
          </reporter-output>
        </test-method> <!-- tearDown -->
      </class> <!-- com.mindbowser.test.SpicejetTest -->
    </test> <!-- Test -->
  </suite> <!-- Suite -->
</testng-results>
