<?xml version="1.0" encoding="UTF-8"?>
<testng-results skipped="0" failed="0" ignored="0" total="1" passed="1">
  <reporter-output>
  </reporter-output>
  <suite name="Default suite" duration-ms="52964" started-at="2021-01-25T05:34:19Z" finished-at="2021-01-25T05:35:12Z">
    <groups>
    </groups>
    <test name="Default test" duration-ms="52964" started-at="2021-01-25T05:34:19Z" finished-at="2021-01-25T05:35:12Z">
      <class name="com.mindbowser.test.SpicejetTest">
        <test-method status="PASS" signature="setUp()[pri:0, instance:com.mindbowser.test.SpicejetTest@4313f5bc]" name="setUp" is-config="true" duration-ms="38617" started-at="2021-01-25T05:34:19Z" finished-at="2021-01-25T05:34:58Z">
          <reporter-output>
          </reporter-output>
        </test-method> <!-- setUp -->
        <test-method status="PASS" signature="Verify_Student_is_mentioned_under_Discounts_field()[pri:0, instance:com.mindbowser.test.SpicejetTest@4313f5bc]" name="Verify_Student_is_mentioned_under_Discounts_field" duration-ms="12568" started-at="2021-01-25T05:34:58Z" description="This TC will book flight from one way" finished-at="2021-01-25T05:35:10Z">
          <reporter-output>
          </reporter-output>
        </test-method> <!-- Verify_Student_is_mentioned_under_Discounts_field -->
        <test-method status="PASS" signature="tearDown()[pri:0, instance:com.mindbowser.test.SpicejetTest@4313f5bc]" name="tearDown" is-config="true" duration-ms="1683" started-at="2021-01-25T05:35:10Z" finished-at="2021-01-25T05:35:12Z">
          <reporter-output>
          </reporter-output>
        </test-method> <!-- tearDown -->
      </class> <!-- com.mindbowser.test.SpicejetTest -->
    </test> <!-- Default test -->
  </suite> <!-- Default suite -->
</testng-results>
